<?xml version="1.0" encoding="UTF-8"?>
<!-- Generated by org.testng.reporters.JUnitXMLReporter -->
<testsuite ignored="0" hostname="DESKTOP-1KA5NS0" failures="2" tests="8" name="Test" time="43.823" errors="0" timestamp="2024-02-20T12:57:46 IST">
  <testcase classname="Test_Script_package.Search_field" name="Test1" time="3.71">
    <failure type="java.lang.AssertionError" message="expected [https://www.boat-lifestyle.com/pages/searchtap-search?q=Earbuds] but found [https://www.boat-lifestyle.com/pages/searchtap-search?q=EarBuds]">
      <![CDATA[java.lang.AssertionError: expected [https://www.boat-lifestyle.com/pages/searchtap-search?q=Earbuds] but found [https://www.boat-lifestyle.com/pages/searchtap-search?q=EarBuds]
at Test_Script_package.Search_field.Test1(Search_field.java:26)
at java.base/java.util.ArrayList.forEach(ArrayList.java:1511)
... Removed 33 stack frames]]>
    </failure>
  </testcase> <!-- Test1 -->
  <testcase classname="Test_Script_package.Search_field" name="Test2" time="9.505"/>
  <testcase classname="Test_Script_package.Search_field" name="Test3" time="3.581"/>
  <testcase classname="Test_Script_package.Categories_val" name="Test1" time="3.569">
    <failure type="java.lang.AssertionError" message="expected [true] but found [false]">
      <![CDATA[java.lang.AssertionError: expected [true] but found [false]
at Test_Script_package.Categories_val.Test1(Categories_val.java:24)
at java.base/java.util.ArrayList.forEach(ArrayList.java:1511)
... Removed 31 stack frames]]>
    </failure>
  </testcase> <!-- Test1 -->
  <testcase classname="Test_Script_package.Categories_val" name="categories_list_options" time="6.923"/>
  <testcase classname="Test_Script_package.Homepage_boat" name="Test1" time="0.159"/>
  <testcase classname="Test_Script_package.Homepage_boat" name="Test2" time="0.114"/>
  <testcase classname="Test_Script_package.Homepage_boat" name="Test3" time="3.73"/>
</testsuite> <!-- Test -->
