<?xml version="1.0" encoding="UTF-8"?>
<testng-results ignored="0" total="8" passed="6" failed="2" skipped="0">
  <reporter-output>
  </reporter-output>
  <suite started-at="2024-02-20T12:57:02 IST" name="Suite" finished-at="2024-02-20T12:57:46 IST" duration-ms="43823">
    <groups>
    </groups>
    <test started-at="2024-02-20T12:57:02 IST" name="Test" finished-at="2024-02-20T12:57:46 IST" duration-ms="43823">
      <class name="Test_Script_package.Search_field">
        <test-method is-config="true" signature="launch_Browser()[pri:0, instance:Test_Script_package.Search_field@1530c739]" started-at="2024-02-20T12:57:02 IST" name="launch_Browser" finished-at="2024-02-20T12:57:07 IST" duration-ms="4858" status="PASS">
          <reporter-output>
          </reporter-output>
        </test-method> <!-- launch_Browser -->
        <test-method signature="Test1(java.lang.String)[pri:1, instance:Test_Script_package.Search_field@1530c739]" started-at="2024-02-20T12:57:07 IST" name="Test1" data-provider="search_text for_validation" finished-at="2024-02-20T12:57:11 IST" duration-ms="3710" status="FAIL">
          <params>
            <param index="0">
              <value>
                <![CDATA[EarBuds]]>
              </value>
            </param>
          </params>
          <exception class="java.lang.AssertionError">
            <message>
              <![CDATA[expected [https://www.boat-lifestyle.com/pages/searchtap-search?q=Earbuds] but found [https://www.boat-lifestyle.com/pages/searchtap-search?q=EarBuds]]]>
            </message>
            <full-stacktrace>
              <![CDATA[java.lang.AssertionError: expected [https://www.boat-lifestyle.com/pages/searchtap-search?q=Earbuds] but found [https://www.boat-lifestyle.com/pages/searchtap-search?q=EarBuds]
at org.testng.Assert.fail(Assert.java:111)
at org.testng.Assert.failNotEquals(Assert.java:1578)
at org.testng.Assert.assertEqualsImpl(Assert.java:150)
at org.testng.Assert.assertEquals(Assert.java:132)
at org.testng.Assert.assertEquals(Assert.java:656)
at org.testng.Assert.assertEquals(Assert.java:666)
at Test_Script_package.Search_field.Test1(Search_field.java:26)
at java.base/jdk.internal.reflect.NativeMethodAccessorImpl.invoke0(Native Method)
at java.base/jdk.internal.reflect.NativeMethodAccessorImpl.invoke(NativeMethodAccessorImpl.java:77)
at java.base/jdk.internal.reflect.DelegatingMethodAccessorImpl.invoke(DelegatingMethodAccessorImpl.java:43)
at java.base/java.lang.reflect.Method.invoke(Method.java:568)
at org.testng.internal.invokers.MethodInvocationHelper.invokeMethod(MethodInvocationHelper.java:139)
at org.testng.internal.invokers.TestInvoker.invokeMethod(TestInvoker.java:664)
at org.testng.internal.invokers.TestInvoker.invokeTestMethod(TestInvoker.java:227)
at org.testng.internal.invokers.MethodRunner.runInSequence(MethodRunner.java:50)
at org.testng.internal.invokers.TestInvoker$MethodInvocationAgent.invoke(TestInvoker.java:957)
at org.testng.internal.invokers.TestInvoker.invokeTestMethods(TestInvoker.java:200)
at org.testng.internal.invokers.TestMethodWorker.invokeTestMethods(TestMethodWorker.java:148)
at org.testng.internal.invokers.TestMethodWorker.run(TestMethodWorker.java:128)
at java.base/java.util.ArrayList.forEach(ArrayList.java:1511)
at org.testng.TestRunner.privateRun(TestRunner.java:848)
at org.testng.TestRunner.run(TestRunner.java:621)
at org.testng.SuiteRunner.runTest(SuiteRunner.java:443)
at org.testng.SuiteRunner.runSequentially(SuiteRunner.java:437)
at org.testng.SuiteRunner.privateRun(SuiteRunner.java:397)
at org.testng.SuiteRunner.run(SuiteRunner.java:336)
at org.testng.SuiteRunnerWorker.runSuite(SuiteRunnerWorker.java:52)
at org.testng.SuiteRunnerWorker.run(SuiteRunnerWorker.java:95)
at org.testng.TestNG.runSuitesSequentially(TestNG.java:1280)
at org.testng.TestNG.runSuitesLocally(TestNG.java:1200)
at org.testng.TestNG.runSuites(TestNG.java:1114)
at org.testng.TestNG.run(TestNG.java:1082)
at org.testng.remote.AbstractRemoteTestNG.run(AbstractRemoteTestNG.java:115)
at org.testng.remote.RemoteTestNG.initAndRun(RemoteTestNG.java:251)
at org.testng.remote.RemoteTestNG.main(RemoteTestNG.java:77)
]]>
            </full-stacktrace>
          </exception> <!-- java.lang.AssertionError -->
          <reporter-output>
          </reporter-output>
        </test-method> <!-- Test1 -->
        <test-method signature="Test2(java.lang.String)[pri:2, instance:Test_Script_package.Search_field@1530c739]" started-at="2024-02-20T12:57:11 IST" name="Test2" data-provider="search invalid1" finished-at="2024-02-20T12:57:20 IST" duration-ms="9505" status="PASS">
          <params>
            <param index="0">
              <value>
                <![CDATA[bommalii ninu odala]]>
              </value>
            </param>
          </params>
          <reporter-output>
          </reporter-output>
        </test-method> <!-- Test2 -->
        <test-method signature="Test3(java.lang.String)[pri:2, instance:Test_Script_package.Search_field@1530c739]" started-at="2024-02-20T12:57:20 IST" name="Test3" data-provider="search invalid1" finished-at="2024-02-20T12:57:24 IST" duration-ms="3581" status="PASS">
          <params>
            <param index="0">
              <value>
                <![CDATA[bommalii ninu odala]]>
              </value>
            </param>
          </params>
          <reporter-output>
          </reporter-output>
        </test-method> <!-- Test3 -->
        <test-method is-config="true" signature="teardown_browser()[pri:0, instance:Test_Script_package.Search_field@1530c739]" started-at="2024-02-20T12:57:24 IST" name="teardown_browser" finished-at="2024-02-20T12:57:24 IST" duration-ms="129" status="PASS">
          <reporter-output>
          </reporter-output>
        </test-method> <!-- teardown_browser -->
      </class> <!-- Test_Script_package.Search_field -->
      <class name="Test_Script_package.Categories_val">
        <test-method is-config="true" signature="launch_Browser()[pri:0, instance:Test_Script_package.Categories_val@470734c3]" started-at="2024-02-20T12:57:24 IST" name="launch_Browser" finished-at="2024-02-20T12:57:28 IST" duration-ms="3461" status="PASS">
          <reporter-output>
          </reporter-output>
        </test-method> <!-- launch_Browser -->
        <test-method signature="Test1()[pri:1, instance:Test_Script_package.Categories_val@470734c3]" started-at="2024-02-20T12:57:28 IST" name="Test1" finished-at="2024-02-20T12:57:31 IST" duration-ms="3569" status="FAIL">
          <exception class="java.lang.AssertionError">
            <message>
              <![CDATA[expected [true] but found [false]]]>
            </message>
            <full-stacktrace>
              <![CDATA[java.lang.AssertionError: expected [true] but found [false]
at org.testng.Assert.fail(Assert.java:111)
at org.testng.Assert.failNotEquals(Assert.java:1578)
at org.testng.Assert.assertTrue(Assert.java:57)
at org.testng.Assert.assertTrue(Assert.java:67)
at Test_Script_package.Categories_val.Test1(Categories_val.java:24)
at java.base/jdk.internal.reflect.NativeMethodAccessorImpl.invoke0(Native Method)
at java.base/jdk.internal.reflect.NativeMethodAccessorImpl.invoke(NativeMethodAccessorImpl.java:77)
at java.base/jdk.internal.reflect.DelegatingMethodAccessorImpl.invoke(DelegatingMethodAccessorImpl.java:43)
at java.base/java.lang.reflect.Method.invoke(Method.java:568)
at org.testng.internal.invokers.MethodInvocationHelper.invokeMethod(MethodInvocationHelper.java:139)
at org.testng.internal.invokers.TestInvoker.invokeMethod(TestInvoker.java:664)
at org.testng.internal.invokers.TestInvoker.invokeTestMethod(TestInvoker.java:227)
at org.testng.internal.invokers.MethodRunner.runInSequence(MethodRunner.java:50)
at org.testng.internal.invokers.TestInvoker$MethodInvocationAgent.invoke(TestInvoker.java:957)
at org.testng.internal.invokers.TestInvoker.invokeTestMethods(TestInvoker.java:200)
at org.testng.internal.invokers.TestMethodWorker.invokeTestMethods(TestMethodWorker.java:148)
at org.testng.internal.invokers.TestMethodWorker.run(TestMethodWorker.java:128)
at java.base/java.util.ArrayList.forEach(ArrayList.java:1511)
at org.testng.TestRunner.privateRun(TestRunner.java:848)
at org.testng.TestRunner.run(TestRunner.java:621)
at org.testng.SuiteRunner.runTest(SuiteRunner.java:443)
at org.testng.SuiteRunner.runSequentially(SuiteRunner.java:437)
at org.testng.SuiteRunner.privateRun(SuiteRunner.java:397)
at org.testng.SuiteRunner.run(SuiteRunner.java:336)
at org.testng.SuiteRunnerWorker.runSuite(SuiteRunnerWorker.java:52)
at org.testng.SuiteRunnerWorker.run(SuiteRunnerWorker.java:95)
at org.testng.TestNG.runSuitesSequentially(TestNG.java:1280)
at org.testng.TestNG.runSuitesLocally(TestNG.java:1200)
at org.testng.TestNG.runSuites(TestNG.java:1114)
at org.testng.TestNG.run(TestNG.java:1082)
at org.testng.remote.AbstractRemoteTestNG.run(AbstractRemoteTestNG.java:115)
at org.testng.remote.RemoteTestNG.initAndRun(RemoteTestNG.java:251)
at org.testng.remote.RemoteTestNG.main(RemoteTestNG.java:77)
]]>
            </full-stacktrace>
          </exception> <!-- java.lang.AssertionError -->
          <reporter-output>
          </reporter-output>
        </test-method> <!-- Test1 -->
        <test-method signature="categories_list_options()[pri:2, instance:Test_Script_package.Categories_val@470734c3]" started-at="2024-02-20T12:57:31 IST" name="categories_list_options" finished-at="2024-02-20T12:57:38 IST" duration-ms="6923" status="PASS">
          <reporter-output>
          </reporter-output>
        </test-method> <!-- categories_list_options -->
        <test-method is-config="true" signature="teardown_browser()[pri:0, instance:Test_Script_package.Categories_val@470734c3]" started-at="2024-02-20T12:57:38 IST" name="teardown_browser" finished-at="2024-02-20T12:57:38 IST" duration-ms="135" status="PASS">
          <reporter-output>
          </reporter-output>
        </test-method> <!-- teardown_browser -->
      </class> <!-- Test_Script_package.Categories_val -->
      <class name="Test_Script_package.Homepage_boat">
        <test-method is-config="true" signature="launch_Browser()[pri:0, instance:Test_Script_package.Homepage_boat@2cf3d63b]" started-at="2024-02-20T12:57:38 IST" name="launch_Browser" finished-at="2024-02-20T12:57:42 IST" duration-ms="3520" status="PASS">
          <reporter-output>
          </reporter-output>
        </test-method> <!-- launch_Browser -->
        <test-method signature="Test1()[pri:1, instance:Test_Script_package.Homepage_boat@2cf3d63b]" started-at="2024-02-20T12:57:42 IST" name="Test1" finished-at="2024-02-20T12:57:42 IST" duration-ms="159" status="PASS">
          <reporter-output>
          </reporter-output>
        </test-method> <!-- Test1 -->
        <test-method signature="Test2()[pri:2, instance:Test_Script_package.Homepage_boat@2cf3d63b]" started-at="2024-02-20T12:57:42 IST" name="Test2" finished-at="2024-02-20T12:57:42 IST" duration-ms="114" status="PASS">
          <reporter-output>
          </reporter-output>
        </test-method> <!-- Test2 -->
        <test-method signature="Test3()[pri:3, instance:Test_Script_package.Homepage_boat@2cf3d63b]" started-at="2024-02-20T12:57:42 IST" name="Test3" finished-at="2024-02-20T12:57:46 IST" duration-ms="3730" status="PASS">
          <reporter-output>
          </reporter-output>
        </test-method> <!-- Test3 -->
        <test-method is-config="true" signature="teardown_browser()[pri:0, instance:Test_Script_package.Homepage_boat@2cf3d63b]" started-at="2024-02-20T12:57:46 IST" name="teardown_browser" finished-at="2024-02-20T12:57:46 IST" duration-ms="122" status="PASS">
          <reporter-output>
          </reporter-output>
        </test-method> <!-- teardown_browser -->
      </class> <!-- Test_Script_package.Homepage_boat -->
    </test> <!-- Test -->
  </suite> <!-- Suite -->
</testng-results>
